{
  "RSpec": {
    "coverage": {
      "/Users/robin/Projects/makersbnb/spec/features/listing_spec.rb": [
        1,
        1,
        1,
        1,
        1,
        1,
        1,
        null,
        null,
        null
      ],
      "/Users/robin/Projects/makersbnb/spec/features/signin_signout_spec.rb": [
        1,
        1,
        2,
        null,
        null,
        1,
        1,
        1,
        1,
        null,
        1,
        1,
        1,
        1,
        null,
        null,
        null
      ],
      "/Users/robin/Projects/makersbnb/spec/features/signup_spec.rb": [
        1,
        null,
        1,
        1,
        1,
        1,
        null,
        null,
        null
      ],
      "/Users/robin/Projects/makersbnb/spec/space_spec.rb": [
        1,
        null,
        1,
        null,
        null
      ]
    },
    "timestamp": 1541502734
  }
}
