{
  "RSpec": {
    "coverage": {
      "/Users/Imogen/Projects/week6/makersbnb/spec/features/dates_spec.rb": [
        1,
        1,
        1,
        1,
        0,
        0,
        null,
        null
      ],
      "/Users/Imogen/Projects/week6/makersbnb/spec/features/listing_spec.rb": [
        1,
        1,
        1,
        1,
        1,
        1,
        1,
        null,
        null,
        null
      ],
      "/Users/Imogen/Projects/week6/makersbnb/spec/features/requests_spec.rb": [
        1,
        1,
        1,
        1,
        1,
        null,
        null
      ],
      "/Users/Imogen/Projects/week6/makersbnb/spec/features/signup_spec.rb": [
        1,
        null,
        1,
        1,
        1,
        1,
        1,
        1,
        1,
        1,
        1,
        null,
        null,
        null
      ],
      "/Users/Imogen/Projects/week6/makersbnb/spec/space_spec.rb": [
        1,
        null,
        1,
        null,
        null
      ]
    },
    "timestamp": 1541519670
  }
}
